<?xml version="1.0" encoding="UTF-8"?>
<!-- Generated by org.testng.reporters.JUnitReportReporter -->
<testsuite hostname="thinkpad12g" failures="0" tests="1" name="JavaBasic.JavaClass" time="0.015" errors="0" timestamp="2024-03-06T18:13:06 EET" skipped="0">
  <testcase classname="JavaBasic.JavaClass" name="firstTest" time="0.015"/>
  <system-out/>
</testsuite> <!-- JavaBasic.JavaClass -->
